0 info it worked if it ends with ok
1 verbose cli [ '/usr/local/Cellar/node/5.10.1/bin/node',
1 verbose cli   '/usr/local/bin/npm',
1 verbose cli   'start' ]
2 info using npm@3.8.3
3 info using node@v5.10.1
4 verbose run-script [ 'prestart', 'start', 'poststart' ]
5 info lifecycle hack01@0.0.1~prestart: hack01@0.0.1
6 silly lifecycle hack01@0.0.1~prestart: no script for prestart, continuing
7 info lifecycle hack01@0.0.1~start: hack01@0.0.1
8 verbose lifecycle hack01@0.0.1~start: unsafe-perm in lifecycle true
9 verbose lifecycle hack01@0.0.1~start: PATH: /usr/local/lib/node_modules/npm/bin/node-gyp-bin:/Users/eseoghene/git/Webtask--Hack/node_modules/.bin:/usr/local/Cellar/node/5.10.1/bin:/Users/eseoghene/drivers:/usr/local/apache-maven-3.3.9/bin:/usr/local/bin:/usr/bin:/bin:/usr/sbin:/sbin:/usr/local/share/dotnet
10 verbose lifecycle hack01@0.0.1~start: CWD: /Users/eseoghene/git/Webtask--Hack
11 silly lifecycle hack01@0.0.1~start: Args: [ '-c', 'webtask.js' ]
12 info lifecycle hack01@0.0.1~start: Failed to exec start script
13 verbose stack Error: hack01@0.0.1 start: `webtask.js`
13 verbose stack spawn ENOENT
13 verbose stack     at ChildProcess.<anonymous> (/usr/local/lib/node_modules/npm/lib/utils/spawn.js:17:16)
13 verbose stack     at emitTwo (events.js:100:13)
13 verbose stack     at ChildProcess.emit (events.js:185:7)
13 verbose stack     at maybeClose (internal/child_process.js:850:16)
13 verbose stack     at Process.ChildProcess._handle.onexit (internal/child_process.js:215:5)
14 verbose pkgid hack01@0.0.1
15 verbose cwd /Users/eseoghene/git/Webtask--Hack
16 error Darwin 15.6.0
17 error argv "/usr/local/Cellar/node/5.10.1/bin/node" "/usr/local/bin/npm" "start"
18 error node v5.10.1
19 error npm  v3.8.3
20 error file sh
21 error code ELIFECYCLE
22 error errno ENOENT
23 error syscall spawn
24 error hack01@0.0.1 start: `webtask.js`
24 error spawn ENOENT
25 error Failed at the hack01@0.0.1 start script 'webtask.js'.
25 error Make sure you have the latest version of node.js and npm installed.
25 error If you do, this is most likely a problem with the hack01 package,
25 error not with npm itself.
25 error Tell the author that this fails on your system:
25 error     webtask.js
25 error You can get information on how to open an issue for this project with:
25 error     npm bugs hack01
25 error Or if that isn't available, you can get their info via:
25 error     npm owner ls hack01
25 error There is likely additional logging output above.
26 verbose exit [ 1, true ]
